<?xml version="1.0" encoding="UTF-8"?>
<!-- Generated by org.testng.reporters.JUnitXMLReporter -->
<testsuite ignored="0" hostname="MACs-MacBook-Pro-2.local" failures="1" tests="11" name="Run with chrome browser" time="120.995" errors="0" timestamp="21 Apr 2023 02:21:34 GMT">
  <testcase classname="com.liveGuru.commons.Common_01_Register_Success" name="TC_01_Register" time="3.705"/>
  <testcase classname="com.liveGuru.commons.Common_01_Register_Success" name="TC_02_Verify_Information_User" time="1.66"/>
  <testcase classname="com.liveGuru.users.User_01_Font_End" name="TC_03_Login_Success" time="5.785"/>
  <testcase classname="com.liveGuru.users.User_01_Font_End" name="TC_04_Verify_Cost_Of_Product" time="6.23"/>
  <testcase classname="com.liveGuru.users.User_01_Font_End" name="TC_05_Verify_Discount_Coupon_Work_Correctly" time="4.254">
    <failure type="java.lang.AssertionError" message="expected [$95.00] but found [$100.00]">
      <![CDATA[java.lang.AssertionError: expected [$95.00] but found [$100.00]
at com.liveGuru.users.User_01_Font_End.TC_05_Verify_Discount_Coupon_Work_Correctly(User_01_Font_End.java:84)
... Removed 31 stack frames]]>
    </failure>
  </testcase> <!-- TC_05_Verify_Discount_Coupon_Work_Correctly -->
  <testcase classname="com.liveGuru.users.User_01_Font_End" name="TC_06_Verify_Add_500_Item_Of_Product" time="4.711"/>
  <testcase classname="com.liveGuru.users.User_01_Font_End" name="TC_07_Compare_Two_Product" time="8.076"/>
  <testcase classname="com.liveGuru.users.User_02_Font_End" name="TC_08_Verify_Share_Wishlist" time="8.044"/>
  <testcase classname="com.liveGuru.users.User_02_Font_End" name="TC_09_Verify_Add_Your_Review" time="15.217"/>
  <testcase classname="com.liveGuru.users.User_02_Font_End" name="TC_10_Verify_Able_Purchase_Product" time="22.852"/>
  <testcase classname="com.liveGuru.users.User_02_Font_End" name="TC_11_Verify_Search_Funtion" time="7.36"/>
</testsuite> <!-- Run with chrome browser -->
