<?xml version="1.0" encoding="UTF-8"?>
<!-- Generated by org.testng.reporters.JUnitReportReporter -->
<testsuite hostname="MACs-MacBook-Pro-2.local" failures="1" tests="5" name="com.liveGuru.users.User_01_Font_End" time="29.056" errors="0" timestamp="21 Apr 2023 02:21:34 GMT" skipped="0">
  <testcase classname="com.liveGuru.users.User_01_Font_End" name="TC_06_Verify_Add_500_Item_Of_Product" time="4.711"/>
  <testcase classname="com.liveGuru.users.User_01_Font_End" name="TC_07_Compare_Two_Product" time="8.076"/>
  <testcase classname="com.liveGuru.users.User_01_Font_End" name="TC_03_Login_Success" time="5.785"/>
  <testcase classname="com.liveGuru.users.User_01_Font_End" name="TC_04_Verify_Cost_Of_Product" time="6.230"/>
  <testcase classname="com.liveGuru.users.User_01_Font_End" name="TC_05_Verify_Discount_Coupon_Work_Correctly" time="4.254">
    <failure message="expected [$95.00] but found [$100.00]" type="java.lang.AssertionError">
      <![CDATA[java.lang.AssertionError: expected [$95.00] but found [$100.00]
at org.testng.Assert.fail(Assert.java:96)
at org.testng.Assert.failNotEquals(Assert.java:776)
at org.testng.Assert.assertEqualsImpl(Assert.java:137)
at org.testng.Assert.assertEquals(Assert.java:118)
at org.testng.Assert.assertEquals(Assert.java:453)
at org.testng.Assert.assertEquals(Assert.java:463)
at com.liveGuru.users.User_01_Font_End.TC_05_Verify_Discount_Coupon_Work_Correctly(User_01_Font_End.java:84)
at java.base/jdk.internal.reflect.NativeMethodAccessorImpl.invoke0(Native Method)
at java.base/jdk.internal.reflect.NativeMethodAccessorImpl.invoke(NativeMethodAccessorImpl.java:62)
at java.base/jdk.internal.reflect.DelegatingMethodAccessorImpl.invoke(DelegatingMethodAccessorImpl.java:43)
at java.base/java.lang.reflect.Method.invoke(Method.java:566)
at org.testng.internal.MethodInvocationHelper.invokeMethod(MethodInvocationHelper.java:124)
at org.testng.internal.Invoker.invokeMethod(Invoker.java:583)
at org.testng.internal.Invoker.invokeTestMethod(Invoker.java:719)
at org.testng.internal.Invoker.invokeTestMethods(Invoker.java:989)
at org.testng.internal.TestMethodWorker.invokeTestMethods(TestMethodWorker.java:125)
at org.testng.internal.TestMethodWorker.run(TestMethodWorker.java:109)
at org.testng.TestRunner.privateRun(TestRunner.java:648)
at org.testng.TestRunner.run(TestRunner.java:505)
at org.testng.SuiteRunner.runTest(SuiteRunner.java:455)
at org.testng.SuiteRunner.runSequentially(SuiteRunner.java:450)
at org.testng.SuiteRunner.privateRun(SuiteRunner.java:415)
at org.testng.SuiteRunner.run(SuiteRunner.java:364)
at org.testng.SuiteRunnerWorker.runSuite(SuiteRunnerWorker.java:52)
at org.testng.SuiteRunnerWorker.run(SuiteRunnerWorker.java:84)
at org.testng.TestNG.runSuitesSequentially(TestNG.java:1208)
at org.testng.TestNG.runSuitesLocally(TestNG.java:1137)
at org.testng.TestNG.runSuites(TestNG.java:1049)
at org.testng.TestNG.run(TestNG.java:1017)
at org.testng.remote.AbstractRemoteTestNG.run(AbstractRemoteTestNG.java:115)
at org.testng.remote.RemoteTestNG.initAndRun(RemoteTestNG.java:251)
at org.testng.remote.RemoteTestNG.main(RemoteTestNG.java:77)
]]>
    </failure>
  </testcase> <!-- TC_05_Verify_Discount_Coupon_Work_Correctly -->
</testsuite> <!-- com.liveGuru.users.User_01_Font_End -->
